Performing C SOURCE FILE Test CMAKE_HAVE_LIBC_PTHREAD failed with the following output:
Change Dir: /home/jiasen/FiNAl_VERSION/Dyna_GCNv2_SLAM/cmake-build-debug/CMakeFiles/CMakeTmp

Run Build Command(s):/usr/bin/make cmTC_64773/fast && /usr/bin/make -f CMakeFiles/cmTC_64773.dir/build.make CMakeFiles/cmTC_64773.dir/build
make[1]: Entering directory '/home/jiasen/FiNAl_VERSION/Dyna_GCNv2_SLAM/cmake-build-debug/CMakeFiles/CMakeTmp'
Building C object CMakeFiles/cmTC_64773.dir/src.c.o
/usr/bin/cc   -Wall  -O3 -march=native  -DCMAKE_HAVE_LIBC_PTHREAD   -o CMakeFiles/cmTC_64773.dir/src.c.o   -c /home/jiasen/FiNAl_VERSION/Dyna_GCNv2_SLAM/cmake-build-debug/CMakeFiles/CMakeTmp/src.c
Linking C executable cmTC_64773
/home/jiasen/Application/clion-2020.1.1/bin/cmake/linux/bin/cmake -E cmake_link_script CMakeFiles/cmTC_64773.dir/link.txt --verbose=1
/usr/bin/cc   -Wall  -O3 -march=native  -DCMAKE_HAVE_LIBC_PTHREAD    -rdynamic CMakeFiles/cmTC_64773.dir/src.c.o  -o cmTC_64773 
CMakeFiles/cmTC_64773.dir/src.c.o：在函数‘main’中：
src.c:(.text.startup+0x21)：对‘pthread_create’未定义的引用
src.c:(.text.startup+0x2a)：对‘pthread_detach’未定义的引用
src.c:(.text.startup+0x35)：对‘pthread_join’未定义的引用
src.c:(.text.startup+0x40)：对‘pthread_atfork’未定义的引用
collect2: error: ld returned 1 exit status
CMakeFiles/cmTC_64773.dir/build.make:86: recipe for target 'cmTC_64773' failed
make[1]: *** [cmTC_64773] Error 1
make[1]: Leaving directory '/home/jiasen/FiNAl_VERSION/Dyna_GCNv2_SLAM/cmake-build-debug/CMakeFiles/CMakeTmp'
Makefile:121: recipe for target 'cmTC_64773/fast' failed
make: *** [cmTC_64773/fast] Error 2


Source file was:
#include <pthread.h>

void* test_func(void* data)
{
  return data;
}

int main(void)
{
  pthread_t thread;
  pthread_create(&thread, NULL, test_func, NULL);
  pthread_detach(thread);
  pthread_join(thread, NULL);
  pthread_atfork(NULL, NULL, NULL);
  pthread_exit(NULL);

  return 0;
}

Determining if the function pthread_create exists in the pthreads failed with the following output:
Change Dir: /home/jiasen/FiNAl_VERSION/Dyna_GCNv2_SLAM/cmake-build-debug/CMakeFiles/CMakeTmp

Run Build Command(s):/usr/bin/make cmTC_0e7f1/fast && /usr/bin/make -f CMakeFiles/cmTC_0e7f1.dir/build.make CMakeFiles/cmTC_0e7f1.dir/build
make[1]: Entering directory '/home/jiasen/FiNAl_VERSION/Dyna_GCNv2_SLAM/cmake-build-debug/CMakeFiles/CMakeTmp'
Building C object CMakeFiles/cmTC_0e7f1.dir/CheckFunctionExists.c.o
/usr/bin/cc   -Wall  -O3 -march=native  -DCHECK_FUNCTION_EXISTS=pthread_create   -o CMakeFiles/cmTC_0e7f1.dir/CheckFunctionExists.c.o   -c /home/jiasen/Application/clion-2020.1.1/bin/cmake/linux/share/cmake-3.16/Modules/CheckFunctionExists.c
Linking C executable cmTC_0e7f1
/home/jiasen/Application/clion-2020.1.1/bin/cmake/linux/bin/cmake -E cmake_link_script CMakeFiles/cmTC_0e7f1.dir/link.txt --verbose=1
/usr/bin/cc   -Wall  -O3 -march=native  -DCHECK_FUNCTION_EXISTS=pthread_create    -rdynamic CMakeFiles/cmTC_0e7f1.dir/CheckFunctionExists.c.o  -o cmTC_0e7f1  -lpthreads 
/usr/bin/ld: 找不到 -lpthreads
collect2: error: ld returned 1 exit status
CMakeFiles/cmTC_0e7f1.dir/build.make:86: recipe for target 'cmTC_0e7f1' failed
make[1]: *** [cmTC_0e7f1] Error 1
make[1]: Leaving directory '/home/jiasen/FiNAl_VERSION/Dyna_GCNv2_SLAM/cmake-build-debug/CMakeFiles/CMakeTmp'
Makefile:121: recipe for target 'cmTC_0e7f1/fast' failed
make: *** [cmTC_0e7f1/fast] Error 2



